[2025-04-05T15:44:18.624+0000] {manager.py:470} INFO - Processing files using up to 2 processes at a time 
[2025-04-05T15:44:18.625+0000] {manager.py:471} INFO - Process each file at most once every 30 seconds
[2025-04-05T15:44:18.627+0000] {manager.py:472} INFO - Checking for new files in /opt/airflow/dags every 300 seconds
[2025-04-05T15:44:18.628+0000] {manager.py:737} INFO - Searching for files in /opt/airflow/dags
[2025-04-05T15:44:18.631+0000] {manager.py:740} INFO - There are 0 files in /opt/airflow/dags
[2025-04-05T15:49:18.909+0000] {manager.py:737} INFO - Searching for files in /opt/airflow/dags
[2025-04-05T15:49:18.925+0000] {manager.py:740} INFO - There are 1 files in /opt/airflow/dags
[2025-04-05T15:49:21.000+0000] {manager.py:878} INFO - 
================================================================================
DAG File Processing Stats

File Path                              PID    Runtime      # DAGs    # Errors  Last Runtime    Last Run
-------------------------------------  -----  ---------  --------  ----------  --------------  -------------------
/opt/airflow/dags/etl_pipeline_dag.py                           0           1  1.25s           2025-04-05T15:49:20
================================================================================
[2025-04-05T15:49:51.458+0000] {manager.py:878} INFO - 
================================================================================
DAG File Processing Stats

File Path                              PID    Runtime      # DAGs    # Errors  Last Runtime    Last Run
-------------------------------------  -----  ---------  --------  ----------  --------------  -------------------
/opt/airflow/dags/etl_pipeline_dag.py                           0           1  0.39s           2025-04-05T15:49:50
================================================================================
[2025-04-05T15:50:21.876+0000] {manager.py:878} INFO - 
================================================================================
DAG File Processing Stats

File Path                              PID    Runtime      # DAGs    # Errors  Last Runtime    Last Run
-------------------------------------  -----  ---------  --------  ----------  --------------  -------------------
/opt/airflow/dags/etl_pipeline_dag.py                           0           1  0.38s           2025-04-05T15:50:21
================================================================================
[2025-04-05T15:50:52.340+0000] {manager.py:878} INFO - 
================================================================================
DAG File Processing Stats

File Path                              PID    Runtime      # DAGs    # Errors  Last Runtime    Last Run
-------------------------------------  -----  ---------  --------  ----------  --------------  -------------------
/opt/airflow/dags/etl_pipeline_dag.py                           0           1  0.41s           2025-04-05T15:50:51
================================================================================
[2025-04-05T15:51:22.765+0000] {manager.py:878} INFO - 
================================================================================
DAG File Processing Stats

File Path                              PID    Runtime      # DAGs    # Errors  Last Runtime    Last Run
-------------------------------------  -----  ---------  --------  ----------  --------------  -------------------
/opt/airflow/dags/etl_pipeline_dag.py                           0           1  0.51s           2025-04-05T15:51:22
================================================================================
[2025-04-05T15:51:52.987+0000] {manager.py:878} INFO - 
================================================================================
DAG File Processing Stats

File Path                              PID    Runtime      # DAGs    # Errors  Last Runtime    Last Run
-------------------------------------  -----  ---------  --------  ----------  --------------  -------------------
/opt/airflow/dags/etl_pipeline_dag.py                           0           1  0.45s           2025-04-05T15:51:52
================================================================================
[2025-04-05T15:52:23.229+0000] {manager.py:878} INFO - 
================================================================================
DAG File Processing Stats

File Path                                PID  Runtime      # DAGs    # Errors  Last Runtime    Last Run
-------------------------------------  -----  ---------  --------  ----------  --------------  -------------------
/opt/airflow/dags/etl_pipeline_dag.py    166  0.00s             0           1  0.45s           2025-04-05T15:51:52
================================================================================
[2025-04-05T15:52:53.471+0000] {manager.py:878} INFO - 
================================================================================
DAG File Processing Stats

File Path                              PID    Runtime      # DAGs    # Errors  Last Runtime    Last Run
-------------------------------------  -----  ---------  --------  ----------  --------------  -------------------
/opt/airflow/dags/etl_pipeline_dag.py                           0           1  0.35s           2025-04-05T15:52:23
================================================================================
[2025-04-05T15:53:22.294+0000] {manager.py:452} INFO - Exiting gracefully upon receiving signal 15
[2025-04-05T15:54:09.162+0000] {manager.py:470} INFO - Processing files using up to 2 processes at a time 
[2025-04-05T15:54:09.163+0000] {manager.py:471} INFO - Process each file at most once every 30 seconds
[2025-04-05T15:54:09.166+0000] {manager.py:472} INFO - Checking for new files in /opt/airflow/dags every 300 seconds
[2025-04-05T15:54:09.167+0000] {manager.py:737} INFO - Searching for files in /opt/airflow/dags
[2025-04-05T15:54:09.184+0000] {manager.py:740} INFO - There are 1 files in /opt/airflow/dags
[2025-04-05T15:54:09.320+0000] {manager.py:878} INFO - 
================================================================================
DAG File Processing Stats

File Path                                PID  Runtime      # DAGs    # Errors  Last Runtime    Last Run
-------------------------------------  -----  ---------  --------  ----------  --------------  ----------
/opt/airflow/dags/etl_pipeline_dag.py     50  0.06s             0           0
================================================================================
[2025-04-05T15:54:39.451+0000] {manager.py:878} INFO - 
================================================================================
DAG File Processing Stats

File Path                              PID    Runtime      # DAGs    # Errors  Last Runtime    Last Run
-------------------------------------  -----  ---------  --------  ----------  --------------  -------------------
/opt/airflow/dags/etl_pipeline_dag.py                           0           1  2.04s           2025-04-05T15:54:11
================================================================================
[2025-04-05T15:55:09.650+0000] {manager.py:878} INFO - 
================================================================================
DAG File Processing Stats

File Path                              PID    Runtime      # DAGs    # Errors  Last Runtime    Last Run
-------------------------------------  -----  ---------  --------  ----------  --------------  -------------------
/opt/airflow/dags/etl_pipeline_dag.py                           0           1  0.29s           2025-04-05T15:54:41
================================================================================
[2025-04-05T15:55:40.227+0000] {manager.py:878} INFO - 
================================================================================
DAG File Processing Stats

File Path                              PID    Runtime      # DAGs    # Errors  Last Runtime    Last Run
-------------------------------------  -----  ---------  --------  ----------  --------------  -------------------
/opt/airflow/dags/etl_pipeline_dag.py                           0           1  0.30s           2025-04-05T15:55:12
================================================================================
[2025-04-05T15:56:10.750+0000] {manager.py:878} INFO - 
================================================================================
DAG File Processing Stats

File Path                              PID    Runtime      # DAGs    # Errors  Last Runtime    Last Run
-------------------------------------  -----  ---------  --------  ----------  --------------  -------------------
/opt/airflow/dags/etl_pipeline_dag.py                           0           1  0.44s           2025-04-05T15:55:42
================================================================================
[2025-04-05T15:56:40.757+0000] {manager.py:878} INFO - 
================================================================================
DAG File Processing Stats

File Path                              PID    Runtime      # DAGs    # Errors  Last Runtime    Last Run
-------------------------------------  -----  ---------  --------  ----------  --------------  -------------------
/opt/airflow/dags/etl_pipeline_dag.py                           0           1  0.41s           2025-04-05T15:56:13
================================================================================
[2025-04-05T15:57:11.023+0000] {manager.py:878} INFO - 
================================================================================
DAG File Processing Stats

File Path                              PID    Runtime      # DAGs    # Errors  Last Runtime    Last Run
-------------------------------------  -----  ---------  --------  ----------  --------------  -------------------
/opt/airflow/dags/etl_pipeline_dag.py                           0           1  0.37s           2025-04-05T15:56:44
================================================================================
[2025-04-05T15:57:41.638+0000] {manager.py:878} INFO - 
================================================================================
DAG File Processing Stats

File Path                              PID    Runtime      # DAGs    # Errors  Last Runtime    Last Run
-------------------------------------  -----  ---------  --------  ----------  --------------  -------------------
/opt/airflow/dags/etl_pipeline_dag.py                           0           1  0.40s           2025-04-05T15:57:14
================================================================================
[2025-04-05T15:58:12.249+0000] {manager.py:878} INFO - 
================================================================================
DAG File Processing Stats

File Path                              PID    Runtime      # DAGs    # Errors  Last Runtime    Last Run
-------------------------------------  -----  ---------  --------  ----------  --------------  -------------------
/opt/airflow/dags/etl_pipeline_dag.py                           0           1  0.38s           2025-04-05T15:57:45
================================================================================
[2025-04-05T15:58:42.839+0000] {manager.py:878} INFO - 
================================================================================
DAG File Processing Stats

File Path                              PID    Runtime      # DAGs    # Errors  Last Runtime    Last Run
-------------------------------------  -----  ---------  --------  ----------  --------------  -------------------
/opt/airflow/dags/etl_pipeline_dag.py                           0           1  0.29s           2025-04-05T15:58:15
================================================================================
[2025-04-05T15:58:59.542+0000] {manager.py:452} INFO - Exiting gracefully upon receiving signal 15
[2025-04-05T15:59:46.593+0000] {manager.py:470} INFO - Processing files using up to 2 processes at a time 
[2025-04-05T15:59:46.593+0000] {manager.py:471} INFO - Process each file at most once every 30 seconds
[2025-04-05T15:59:46.595+0000] {manager.py:472} INFO - Checking for new files in /opt/airflow/dags every 300 seconds
[2025-04-05T15:59:46.596+0000] {manager.py:737} INFO - Searching for files in /opt/airflow/dags
[2025-04-05T15:59:46.618+0000] {manager.py:740} INFO - There are 1 files in /opt/airflow/dags
[2025-04-05T15:59:46.738+0000] {manager.py:878} INFO - 
================================================================================
DAG File Processing Stats

File Path                                PID  Runtime      # DAGs    # Errors  Last Runtime    Last Run
-------------------------------------  -----  ---------  --------  ----------  --------------  ----------
/opt/airflow/dags/etl_pipeline_dag.py     45  0.04s             0           0
================================================================================
[2025-04-05T16:00:16.910+0000] {manager.py:878} INFO - 
================================================================================
DAG File Processing Stats

File Path                              PID    Runtime      # DAGs    # Errors  Last Runtime    Last Run
-------------------------------------  -----  ---------  --------  ----------  --------------  -------------------
/opt/airflow/dags/etl_pipeline_dag.py                           0           1  2.36s           2025-04-05T15:59:49
================================================================================
[2025-04-05T16:00:47.542+0000] {manager.py:878} INFO - 
================================================================================
DAG File Processing Stats

File Path                              PID    Runtime      # DAGs    # Errors  Last Runtime    Last Run
-------------------------------------  -----  ---------  --------  ----------  --------------  -------------------
/opt/airflow/dags/etl_pipeline_dag.py                           0           1  0.31s           2025-04-05T16:00:19
================================================================================
[2025-04-05T16:01:18.062+0000] {manager.py:878} INFO - 
================================================================================
DAG File Processing Stats

File Path                              PID    Runtime      # DAGs    # Errors  Last Runtime    Last Run
-------------------------------------  -----  ---------  --------  ----------  --------------  -------------------
/opt/airflow/dags/etl_pipeline_dag.py                           0           1  0.31s           2025-04-05T16:00:50
================================================================================
[2025-04-05T16:01:48.075+0000] {manager.py:878} INFO - 
================================================================================
DAG File Processing Stats

File Path                              PID    Runtime      # DAGs    # Errors  Last Runtime    Last Run
-------------------------------------  -----  ---------  --------  ----------  --------------  -------------------
/opt/airflow/dags/etl_pipeline_dag.py                           0           1  0.50s           2025-04-05T16:01:20
================================================================================
[2025-04-05T16:02:18.336+0000] {manager.py:878} INFO - 
================================================================================
DAG File Processing Stats

File Path                              PID    Runtime      # DAGs    # Errors  Last Runtime    Last Run
-------------------------------------  -----  ---------  --------  ----------  --------------  -------------------
/opt/airflow/dags/etl_pipeline_dag.py                           0           1  0.39s           2025-04-05T16:01:51
================================================================================
[2025-04-05T16:02:48.391+0000] {manager.py:878} INFO - 
================================================================================
DAG File Processing Stats

File Path                              PID    Runtime      # DAGs    # Errors  Last Runtime    Last Run
-------------------------------------  -----  ---------  --------  ----------  --------------  -------------------
/opt/airflow/dags/etl_pipeline_dag.py                           0           1  0.45s           2025-04-05T16:02:22
================================================================================
[2025-04-05T16:03:18.653+0000] {manager.py:878} INFO - 
================================================================================
DAG File Processing Stats

File Path                              PID    Runtime      # DAGs    # Errors  Last Runtime    Last Run
-------------------------------------  -----  ---------  --------  ----------  --------------  -------------------
/opt/airflow/dags/etl_pipeline_dag.py                           0           1  0.38s           2025-04-05T16:02:52
================================================================================
[2025-04-05T16:03:49.256+0000] {manager.py:878} INFO - 
================================================================================
DAG File Processing Stats

File Path                              PID    Runtime      # DAGs    # Errors  Last Runtime    Last Run
-------------------------------------  -----  ---------  --------  ----------  --------------  -------------------
/opt/airflow/dags/etl_pipeline_dag.py                           0           1  0.37s           2025-04-05T16:03:23
================================================================================
[2025-04-05T16:04:19.907+0000] {manager.py:878} INFO - 
================================================================================
DAG File Processing Stats

File Path                              PID    Runtime      # DAGs    # Errors  Last Runtime    Last Run
-------------------------------------  -----  ---------  --------  ----------  --------------  -------------------
/opt/airflow/dags/etl_pipeline_dag.py                           0           1  0.31s           2025-04-05T16:03:53
================================================================================
[2025-04-05T16:04:46.726+0000] {manager.py:737} INFO - Searching for files in /opt/airflow/dags
[2025-04-05T16:04:46.739+0000] {manager.py:740} INFO - There are 1 files in /opt/airflow/dags
[2025-04-05T16:04:50.424+0000] {manager.py:878} INFO - 
================================================================================
DAG File Processing Stats

File Path                              PID    Runtime      # DAGs    # Errors  Last Runtime    Last Run
-------------------------------------  -----  ---------  --------  ----------  --------------  -------------------
/opt/airflow/dags/etl_pipeline_dag.py                           0           1  0.36s           2025-04-05T16:04:24
================================================================================
[2025-04-05T16:05:21.012+0000] {manager.py:878} INFO - 
================================================================================
DAG File Processing Stats

File Path                              PID    Runtime      # DAGs    # Errors  Last Runtime    Last Run
-------------------------------------  -----  ---------  --------  ----------  --------------  -------------------
/opt/airflow/dags/etl_pipeline_dag.py                           0           1  0.38s           2025-04-05T16:04:55
================================================================================
[2025-04-05T16:05:51.647+0000] {manager.py:878} INFO - 
================================================================================
DAG File Processing Stats

File Path                              PID    Runtime      # DAGs    # Errors  Last Runtime    Last Run
-------------------------------------  -----  ---------  --------  ----------  --------------  -------------------
/opt/airflow/dags/etl_pipeline_dag.py                           0           1  0.37s           2025-04-05T16:05:25
================================================================================
[2025-04-05T16:06:22.285+0000] {manager.py:878} INFO - 
================================================================================
DAG File Processing Stats

File Path                              PID    Runtime      # DAGs    # Errors  Last Runtime    Last Run
-------------------------------------  -----  ---------  --------  ----------  --------------  -------------------
/opt/airflow/dags/etl_pipeline_dag.py                           0           1  0.40s           2025-04-05T16:05:56
================================================================================
[2025-04-05T16:06:52.924+0000] {manager.py:878} INFO - 
================================================================================
DAG File Processing Stats

File Path                              PID    Runtime      # DAGs    # Errors  Last Runtime    Last Run
-------------------------------------  -----  ---------  --------  ----------  --------------  -------------------
/opt/airflow/dags/etl_pipeline_dag.py                           0           1  0.39s           2025-04-05T16:06:27
================================================================================
[2025-04-05T16:07:01.557+0000] {manager.py:452} INFO - Exiting gracefully upon receiving signal 15
[2025-04-05T16:07:56.786+0000] {manager.py:470} INFO - Processing files using up to 2 processes at a time 
[2025-04-05T16:07:56.786+0000] {manager.py:471} INFO - Process each file at most once every 30 seconds
[2025-04-05T16:07:56.789+0000] {manager.py:472} INFO - Checking for new files in /opt/airflow/dags every 300 seconds
[2025-04-05T16:07:56.790+0000] {manager.py:737} INFO - Searching for files in /opt/airflow/dags
[2025-04-05T16:07:56.805+0000] {manager.py:740} INFO - There are 1 files in /opt/airflow/dags
[2025-04-05T16:07:56.952+0000] {manager.py:878} INFO - 
================================================================================
DAG File Processing Stats

File Path                                PID  Runtime      # DAGs    # Errors  Last Runtime    Last Run
-------------------------------------  -----  ---------  --------  ----------  --------------  ----------
/opt/airflow/dags/etl_pipeline_dag.py     51  0.07s             0           0
================================================================================
[2025-04-05T16:08:27.042+0000] {manager.py:878} INFO - 
================================================================================
DAG File Processing Stats

File Path                              PID    Runtime      # DAGs    # Errors  Last Runtime    Last Run
-------------------------------------  -----  ---------  --------  ----------  --------------  -------------------
/opt/airflow/dags/etl_pipeline_dag.py                           0           1  2.00s           2025-04-05T16:07:58
================================================================================
[2025-04-05T16:08:57.327+0000] {manager.py:878} INFO - 
================================================================================
DAG File Processing Stats

File Path                              PID    Runtime      # DAGs    # Errors  Last Runtime    Last Run
-------------------------------------  -----  ---------  --------  ----------  --------------  -------------------
/opt/airflow/dags/etl_pipeline_dag.py                           0           1  0.28s           2025-04-05T16:08:29
================================================================================
[2025-04-05T16:09:28.209+0000] {manager.py:878} INFO - 
================================================================================
DAG File Processing Stats

File Path                              PID    Runtime      # DAGs    # Errors  Last Runtime    Last Run
-------------------------------------  -----  ---------  --------  ----------  --------------  -------------------
/opt/airflow/dags/etl_pipeline_dag.py                           0           1  0.39s           2025-04-05T16:09:12
================================================================================
[2025-04-05T16:09:58.503+0000] {manager.py:878} INFO - 
================================================================================
DAG File Processing Stats

File Path                              PID    Runtime      # DAGs    # Errors  Last Runtime    Last Run
-------------------------------------  -----  ---------  --------  ----------  --------------  -------------------
/opt/airflow/dags/etl_pipeline_dag.py                           0           1  0.40s           2025-04-05T16:09:42
================================================================================
[2025-04-05T16:10:29.033+0000] {manager.py:878} INFO - 
================================================================================
DAG File Processing Stats

File Path                              PID    Runtime      # DAGs    # Errors  Last Runtime    Last Run
-------------------------------------  -----  ---------  --------  ----------  --------------  -------------------
/opt/airflow/dags/etl_pipeline_dag.py                           0           1  0.38s           2025-04-05T16:10:13
================================================================================
[2025-04-05T16:10:59.080+0000] {manager.py:878} INFO - 
================================================================================
DAG File Processing Stats

File Path                              PID    Runtime      # DAGs    # Errors  Last Runtime    Last Run
-------------------------------------  -----  ---------  --------  ----------  --------------  -------------------
/opt/airflow/dags/etl_pipeline_dag.py                           0           1  0.46s           2025-04-05T16:10:43
================================================================================
[2025-04-05T16:11:29.880+0000] {manager.py:878} INFO - 
================================================================================
DAG File Processing Stats

File Path                              PID    Runtime      # DAGs    # Errors  Last Runtime    Last Run
-------------------------------------  -----  ---------  --------  ----------  --------------  -------------------
/opt/airflow/dags/etl_pipeline_dag.py                           0           1  0.61s           2025-04-05T16:11:14
================================================================================
[2025-04-05T16:12:00.180+0000] {manager.py:878} INFO - 
================================================================================
DAG File Processing Stats

File Path                              PID    Runtime      # DAGs    # Errors  Last Runtime    Last Run
-------------------------------------  -----  ---------  --------  ----------  --------------  -------------------
/opt/airflow/dags/etl_pipeline_dag.py                           0           1  0.28s           2025-04-05T16:11:45
================================================================================
[2025-04-05T16:12:30.704+0000] {manager.py:878} INFO - 
================================================================================
DAG File Processing Stats

File Path                              PID    Runtime      # DAGs    # Errors  Last Runtime    Last Run
-------------------------------------  -----  ---------  --------  ----------  --------------  -------------------
/opt/airflow/dags/etl_pipeline_dag.py                           0           1  0.38s           2025-04-05T16:12:15
================================================================================
[2025-04-05T16:12:52.399+0000] {manager.py:452} INFO - Exiting gracefully upon receiving signal 15
